[0818/170900.745:ERROR:minidumpwritedump_with_crashpad_info.cc(435)] Failed to call MiniDumpWriteDump: 仅完成部分的 ReadProcessMemory 或 WriteProcessMemory 请求。 (0x8007012B)
[0818/170900.746:ERROR:minidumpwritedump_with_crashpad_info.cc(592)] Failed to write minidump file
[0818/170900.746:ERROR:crash_report_exception_handler.cc(132)] TryMiniDumpWriteDumpWithCrashpadInfo failed
[0818/170900.747:ERROR:process_memory_win.cc(73)] ReadMemory at 0x14b8f9c4b30 of 72 bytes failed: 仅完成部分的 ReadProcessMemory 或 WriteProcessMemory 请求。 (0x12B)
[0818/170900.747:WARNING:pe_image_annotations_reader.cc(134)] could not read annotations list object in C:\Program Files (x86)\Microsoft\Edge\Application\84.0.522.59\msedge_elf.dll
[0818/170900.748:ERROR:process_memory_win.cc(73)] ReadMemory at 0x14b8fa0d3b0 of 72 bytes failed: 仅完成部分的 ReadProcessMemory 或 WriteProcessMemory 请求。 (0x12B)
[0818/170900.748:WARNING:pe_image_annotations_reader.cc(134)] could not read annotations list object in C:\Program Files (x86)\Microsoft\Edge\Application\84.0.522.59\msedge.dll
[0818/170901.586:ERROR:process_memory_win.cc(73)] ReadMemory at 0x7ff676350000 of 64 bytes failed: 仅完成部分的 ReadProcessMemory 或 WriteProcessMemory 请求。 (0x12B)
[0818/170901.586:WARNING:pe_image_reader.cc(340)] could not read dos header from C:\Program Files (x86)\Microsoft\Edge\Application\msedge.exe
[0818/170901.586:ERROR:process_memory_win.cc(73)] ReadMemory at 0x7ffd0a4a0000 of 64 bytes failed: 仅完成部分的 ReadProcessMemory 或 WriteProcessMemory 请求。 (0x12B)
[0818/170901.586:WARNING:pe_image_reader.cc(340)] could not read dos header from C:\WINDOWS\SYSTEM32\ntdll.dll
[0818/170901.586:ERROR:process_memory_win.cc(73)] ReadMemory at 0x7ffd09340000 of 64 bytes failed: 仅完成部分的 ReadProcessMemory 或 WriteProcessMemory 请求。 (0x12B)
[0818/170901.586:WARNING:pe_image_reader.cc(340)] could not read dos header from C:\WINDOWS\System32\KERNEL32.DLL
[0818/170901.586:ERROR:process_memory_win.cc(73)] ReadMemory at 0x7ffd075e0000 of 64 bytes failed: 仅完成部分的 ReadProcessMemory 或 WriteProcessMemory 请求。 (0x12B)
[0818/170901.586:WARNING:pe_image_reader.cc(340)] could not read dos header from C:\WINDOWS\System32\KERNELBASE.dll
[0818/170901.587:ERROR:process_memory_win.cc(73)] ReadMemory at 0x7ffd091f0000 of 64 bytes failed: 仅完成部分的 ReadProcessMemory 或 WriteProcessMemory 请求。 (0x12B)
[0818/170901.587:WARNING:pe_image_reader.cc(340)] could not read dos header from C:\WINDOWS\System32\ADVAPI32.DLL
[0818/170901.587:ERROR:process_memory_win.cc(73)] ReadMemory at 0x7ffd089c0000 of 64 bytes failed: 仅完成部分的 ReadProcessMemory 或 WriteProcessMemory 请求。 (0x12B)
[0818/170901.587:WARNING:pe_image_reader.cc(340)] could not read dos header from C:\WINDOWS\System32\msvcrt.dll
[0818/170901.587:ERROR:process_memory_win.cc(73)] ReadMemory at 0x7ffd092a0000 of 64 bytes failed: 仅完成部分的 ReadProcessMemory 或 WriteProcessMemory 请求。 (0x12B)
[0818/170901.587:WARNING:pe_image_reader.cc(340)] could not read dos header from C:\WINDOWS\System32\sechost.dll
[0818/170901.587:ERROR:process_memory_win.cc(73)] ReadMemory at 0x7ffd09d70000 of 64 bytes failed: 仅完成部分的 ReadProcessMemory 或 WriteProcessMemory 请求。 (0x12B)
[0818/170901.587:WARNING:pe_image_reader.cc(340)] could not read dos header from C:\WINDOWS\System32\RPCRT4.dll
[0818/170901.587:ERROR:process_memory_win.cc(73)] ReadMemory at 0x7ffcb9010000 of 64 bytes failed: 仅完成部分的 ReadProcessMemory 或 WriteProcessMemory 请求。 (0x12B)
[0818/170901.587:WARNING:pe_image_reader.cc(340)] could not read dos header from C:\Program Files (x86)\Microsoft\Edge\Application\84.0.522.59\msedge_elf.dll
[0818/170901.587:ERROR:process_memory_win.cc(73)] ReadMemory at 0x7ffd07940000 of 64 bytes failed: 仅完成部分的 ReadProcessMemory 或 WriteProcessMemory 请求。 (0x12B)
[0818/170901.587:WARNING:pe_image_reader.cc(340)] could not read dos header from C:\WINDOWS\System32\bcryptPrimitives.dll
[0818/170901.587:ERROR:process_memory_win.cc(73)] ReadMemory at 0x7ffca3ad0000 of 64 bytes failed: 仅完成部分的 ReadProcessMemory 或 WriteProcessMemory 请求。 (0x12B)
[0818/170901.587:WARNING:pe_image_reader.cc(340)] could not read dos header from C:\Program Files (x86)\Microsoft\Edge\Application\84.0.522.59\msedge.dll
[0818/170901.587:ERROR:process_memory_win.cc(73)] ReadMemory at 0x7ffd08bc0000 of 64 bytes failed: 仅完成部分的 ReadProcessMemory 或 WriteProcessMemory 请求。 (0x12B)
[0818/170901.587:WARNING:pe_image_reader.cc(340)] could not read dos header from C:\WINDOWS\System32\WS2_32.dll
[0818/170901.587:ERROR:process_memory_win.cc(73)] ReadMemory at 0x7ffd095a0000 of 64 bytes failed: 仅完成部分的 ReadProcessMemory 或 WriteProcessMemory 请求。 (0x12B)
[0818/170901.587:WARNING:pe_image_reader.cc(340)] could not read dos header from C:\WINDOWS\System32\OLEAUT32.dll
[0818/170901.587:ERROR:process_memory_win.cc(73)] ReadMemory at 0x7ffd08400000 of 64 bytes failed: 仅完成部分的 ReadProcessMemory 或 WriteProcessMemory 请求。 (0x12B)
[0818/170901.587:WARNING:pe_image_reader.cc(340)] could not read dos header from C:\WINDOWS\System32\msvcp_win.dll
[0818/170901.587:ERROR:process_memory_win.cc(73)] ReadMemory at 0x7ffd079c0000 of 64 bytes failed: 仅完成部分的 ReadProcessMemory 或 WriteProcessMemory 请求。 (0x12B)
[0818/170901.587:WARNING:pe_image_reader.cc(340)] could not read dos header from C:\WINDOWS\System32\ucrtbase.dll
[0818/170901.587:ERROR:process_memory_win.cc(73)] ReadMemory at 0x7ffd09f30000 of 64 bytes failed: 仅完成部分的 ReadProcessMemory 或 WriteProcessMemory 请求。 (0x12B)
[0818/170901.587:WARNING:pe_image_reader.cc(340)] could not read dos header from C:\WINDOWS\System32\combase.dll
[0818/170901.587:ERROR:process_memory_win.cc(73)] ReadMemory at 0x7ffd084f0000 of 64 bytes failed: 仅完成部分的 ReadProcessMemory 或 WriteProcessMemory 请求。 (0x12B)
[0818/170901.587:WARNING:pe_image_reader.cc(340)] could not read dos header from C:\WINDOWS\System32\WINTRUST.dll
[0818/170901.587:ERROR:process_memory_win.cc(73)] ReadMemory at 0x7ffd07400000 of 64 bytes failed: 仅完成部分的 ReadProcessMemory 或 WriteProcessMemory 请求。 (0x12B)
[0818/170901.587:WARNING:pe_image_reader.cc(340)] could not read dos header from C:\WINDOWS\System32\MSASN1.dll
[0818/170901.587:ERROR:process_memory_win.cc(73)] ReadMemory at 0x7ffd07ac0000 of 64 bytes failed: 仅完成部分的 ReadProcessMemory 或 WriteProcessMemory 请求。 (0x12B)
[0818/170901.587:WARNING:pe_image_reader.cc(340)] could not read dos header from C:\WINDOWS\System32\CRYPT32.dll
[0818/170901.587:ERROR:process_memory_win.cc(73)] ReadMemory at 0x7ffd06880000 of 64 bytes failed: 仅完成部分的 ReadProcessMemory 或 WriteProcessMemory 请求。 (0x12B)
[0818/170901.587:WARNING:pe_image_reader.cc(340)] could not read dos header from C:\WINDOWS\SYSTEM32\IPHLPAPI.DLL
[0818/170901.587:ERROR:process_memory_win.cc(73)] ReadMemory at 0x7ffcfc720000 of 64 bytes failed: 仅完成部分的 ReadProcessMemory 或 WriteProcessMemory 请求。 (0x12B)
[0818/170901.587:WARNING:pe_image_reader.cc(340)] could not read dos header from C:\WINDOWS\SYSTEM32\WINMM.dll
[0818/170901.587:ERROR:process_memory_win.cc(73)] ReadMemory at 0x7ffcf1220000 of 64 bytes failed: 仅完成部分的 ReadProcessMemory 或 WriteProcessMemory 请求。 (0x12B)
[0818/170901.587:WARNING:pe_image_reader.cc(340)] could not read dos header from C:\WINDOWS\SYSTEM32\Secur32.dll
[0818/170901.587:ERROR:process_memory_win.cc(73)] ReadMemory at 0x7ffd07240000 of 64 bytes failed: 仅完成部分的 ReadProcessMemory 或 WriteProcessMemory 请求。 (0x12B)
[0818/170901.587:WARNING:pe_image_reader.cc(340)] could not read dos header from C:\WINDOWS\SYSTEM32\USERENV.dll
[0818/170901.587:ERROR:process_memory_win.cc(73)] ReadMemory at 0x7ffd07380000 of 64 bytes failed: 仅完成部分的 ReadProcessMemory 或 WriteProcessMemory 请求。 (0x12B)
[0818/170901.587:WARNING:pe_image_reader.cc(340)] could not read dos header from C:\WINDOWS\System32\profapi.dll
[0818/170901.587:ERROR:process_memory_win.cc(73)] ReadMemory at 0x7ffce8ec0000 of 64 bytes failed: 仅完成部分的 ReadProcessMemory 或 WriteProcessMemory 请求。 (0x12B)
[0818/170901.587:WARNING:pe_image_reader.cc(340)] could not read dos header from C:\WINDOWS\SYSTEM32\UIAutomationCore.DLL
[0818/170901.587:ERROR:process_memory_win.cc(73)] ReadMemory at 0x7ffd00790000 of 64 bytes failed: 仅完成部分的 ReadProcessMemory 或 WriteProcessMemory 请求。 (0x12B)
[0818/170901.587:WARNING:pe_image_reader.cc(340)] could not read dos header from C:\WINDOWS\SYSTEM32\WINHTTP.dll
[0818/170901.587:ERROR:process_memory_win.cc(73)] ReadMemory at 0x7ffced840000 of 64 bytes failed: 仅完成部分的 ReadProcessMemory 或 WriteProcessMemory 请求。 (0x12B)
[0818/170901.587:WARNING:pe_image_reader.cc(340)] could not read dos header from C:\WINDOWS\SYSTEM32\DWrite.dll
[0818/170901.587:ERROR:process_memory_win.cc(73)] ReadMemory at 0x7ffcf9de0000 of 64 bytes failed: 仅完成部分的 ReadProcessMemory 或 WriteProcessMemory 请求。 (0x12B)
[0818/170901.587:WARNING:pe_image_reader.cc(340)] could not read dos header from C:\WINDOWS\SYSTEM32\WINSPOOL.DRV
[0818/170901.587:ERROR:process_memory_win.cc(73)] ReadMemory at 0x7ffd07360000 of 64 bytes failed: 仅完成部分的 ReadProcessMemory 或 WriteProcessMemory 请求。 (0x12B)
[0818/170901.587:WARNING:pe_image_reader.cc(340)] could not read dos header from C:\WINDOWS\System32\kernel.appcore.dll
[0818/170901.587:ERROR:process_memory_win.cc(73)] ReadMemory at 0x7ffd083d0000 of 64 bytes failed: 仅完成部分的 ReadProcessMemory 或 WriteProcessMemory 请求。 (0x12B)
[0818/170901.587:WARNING:pe_image_reader.cc(340)] could not read dos header from C:\WINDOWS\System32\bcrypt.dll
[0818/170901.587:ERROR:process_memory_win.cc(73)] ReadMemory at 0x7ffcff3e0000 of 64 bytes failed: 仅完成部分的 ReadProcessMemory 或 WriteProcessMemory 请求。 (0x12B)
[0818/170901.587:WARNING:pe_image_reader.cc(340)] could not read dos header from C:\WINDOWS\SYSTEM32\dbghelp.dll
[0818/170901.587:ERROR:process_memory_win.cc(73)] ReadMemory at 0x7ffd06de0000 of 64 bytes failed: 仅完成部分的 ReadProcessMemory 或 WriteProcessMemory 请求。 (0x12B)
[0818/170901.587:WARNING:pe_image_reader.cc(340)] could not read dos header from C:\WINDOWS\SYSTEM32\ncrypt.dll
[0818/170901.587:ERROR:process_memory_win.cc(73)] ReadMemory at 0x7ffd01430000 of 64 bytes failed: 仅完成部分的 ReadProcessMemory 或 WriteProcessMemory 请求。 (0x12B)
[0818/170901.587:WARNING:pe_image_reader.cc(340)] could not read dos header from C:\WINDOWS\SYSTEM32\dhcpcsvc.DLL
[0818/170901.587:ERROR:process_memory_win.cc(73)] ReadMemory at 0x7ffd08ef0000 of 64 bytes failed: 仅完成部分的 ReadProcessMemory 或 WriteProcessMemory 请求。 (0x12B)
[0818/170901.587:WARNING:pe_image_reader.cc(340)] could not read dos header from C:\WINDOWS\System32\NSI.dll
[0818/170901.587:ERROR:process_memory_win.cc(73)] ReadMemory at 0x7ffcfc150000 of 64 bytes failed: 仅完成部分的 ReadProcessMemory 或 WriteProcessMemory 请求。 (0x12B)
[0818/170901.587:WARNING:pe_image_reader.cc(340)] could not read dos header from C:\WINDOWS\SYSTEM32\WINMMBASE.dll
[0818/170901.587:ERROR:process_memory_win.cc(73)] ReadMemory at 0x7ffd084a0000 of 64 bytes failed: 仅完成部分的 ReadProcessMemory 或 WriteProcessMemory 请求。 (0x12B)
[0818/170901.587:WARNING:pe_image_reader.cc(340)] could not read dos header from C:\WINDOWS\System32\cfgmgr32.dll
[0818/170901.587:ERROR:process_memory_win.cc(73)] ReadMemory at 0x7ffd05db0000 of 64 bytes failed: 仅完成部分的 ReadProcessMemory 或 WriteProcessMemory 请求。 (0x12B)
[0818/170901.587:WARNING:pe_image_reader.cc(340)] could not read dos header from C:\WINDOWS\SYSTEM32\PROPSYS.dll
[0818/170901.587:ERROR:process_memory_win.cc(73)] ReadMemory at 0x7ffd0a270000 of 64 bytes failed: 仅完成部分的 ReadProcessMemory 或 WriteProcessMemory 请求。 (0x12B)
[0818/170901.588:WARNING:pe_image_reader.cc(340)] could not read dos header from C:\WINDOWS\System32\shcore.dll
[0818/170901.588:ERROR:process_memory_win.cc(73)] ReadMemory at 0x7ffd06da0000 of 64 bytes failed: 仅完成部分的 ReadProcessMemory 或 WriteProcessMemory 请求。 (0x12B)
[0818/170901.588:WARNING:pe_image_reader.cc(340)] could not read dos header from C:\WINDOWS\SYSTEM32\NTASN1.dll
[0818/170901.588:ERROR:process_memory_win.cc(73)] ReadMemory at 0x7ffd07270000 of 64 bytes failed: 仅完成部分的 ReadProcessMemory 或 WriteProcessMemory 请求。 (0x12B)
[0818/170901.588:WARNING:pe_image_reader.cc(340)] could not read dos header from C:\WINDOWS\SYSTEM32\SSPICLI.DLL
[0818/170901.588:ERROR:process_memory_win.cc(73)] ReadMemory at 0x7ffd06ce0000 of 64 bytes failed: 仅完成部分的 ReadProcessMemory 或 WriteProcessMemory 请求。 (0x12B)
[0818/170901.588:WARNING:pe_image_reader.cc(340)] could not read dos header from C:\WINDOWS\SYSTEM32\CRYPTBASE.DLL
[0818/170901.591:ERROR:process_memory_win.cc(73)] ReadMemory at 0x7ff676350000 of 64 bytes failed: 仅完成部分的 ReadProcessMemory 或 WriteProcessMemory 请求。 (0x12B)
[0818/170901.591:WARNING:pe_image_reader.cc(340)] could not read dos header from C:\Program Files (x86)\Microsoft\Edge\Application\msedge.exe
[0818/170901.591:ERROR:process_memory_win.cc(73)] ReadMemory at 0x7ffd0a4a0000 of 64 bytes failed: 仅完成部分的 ReadProcessMemory 或 WriteProcessMemory 请求。 (0x12B)
[0818/170901.591:WARNING:pe_image_reader.cc(340)] could not read dos header from C:\WINDOWS\SYSTEM32\ntdll.dll
[0818/170901.591:ERROR:process_memory_win.cc(73)] ReadMemory at 0x7ffd09340000 of 64 bytes failed: 仅完成部分的 ReadProcessMemory 或 WriteProcessMemory 请求。 (0x12B)
[0818/170901.591:WARNING:pe_image_reader.cc(340)] could not read dos header from C:\WINDOWS\System32\KERNEL32.DLL
[0818/170901.591:ERROR:process_memory_win.cc(73)] ReadMemory at 0x7ffd075e0000 of 64 bytes failed: 仅完成部分的 ReadProcessMemory 或 WriteProcessMemory 请求。 (0x12B)
[0818/170901.591:WARNING:pe_image_reader.cc(340)] could not read dos header from C:\WINDOWS\System32\KERNELBASE.dll
[0818/170901.591:ERROR:process_memory_win.cc(73)] ReadMemory at 0x7ffd091f0000 of 64 bytes failed: 仅完成部分的 ReadProcessMemory 或 WriteProcessMemory 请求。 (0x12B)
[0818/170901.591:WARNING:pe_image_reader.cc(340)] could not read dos header from C:\WINDOWS\System32\ADVAPI32.DLL
[0818/170901.591:ERROR:process_memory_win.cc(73)] ReadMemory at 0x7ffd089c0000 of 64 bytes failed: 仅完成部分的 ReadProcessMemory 或 WriteProcessMemory 请求。 (0x12B)
[0818/170901.591:WARNING:pe_image_reader.cc(340)] could not read dos header from C:\WINDOWS\System32\msvcrt.dll
[0818/170901.591:ERROR:process_memory_win.cc(73)] ReadMemory at 0x7ffd092a0000 of 64 bytes failed: 仅完成部分的 ReadProcessMemory 或 WriteProcessMemory 请求。 (0x12B)
[0818/170901.591:WARNING:pe_image_reader.cc(340)] could not read dos header from C:\WINDOWS\System32\sechost.dll
[0818/170901.592:ERROR:process_memory_win.cc(73)] ReadMemory at 0x7ffd09d70000 of 64 bytes failed: 仅完成部分的 ReadProcessMemory 或 WriteProcessMemory 请求。 (0x12B)
[0818/170901.592:WARNING:pe_image_reader.cc(340)] could not read dos header from C:\WINDOWS\System32\RPCRT4.dll
[0818/170901.592:ERROR:process_memory_win.cc(73)] ReadMemory at 0x7ffcb9010000 of 64 bytes failed: 仅完成部分的 ReadProcessMemory 或 WriteProcessMemory 请求。 (0x12B)
[0818/170901.592:WARNING:pe_image_reader.cc(340)] could not read dos header from C:\Program Files (x86)\Microsoft\Edge\Application\84.0.522.59\msedge_elf.dll
[0818/170901.592:ERROR:process_memory_win.cc(73)] ReadMemory at 0x7ffd07940000 of 64 bytes failed: 仅完成部分的 ReadProcessMemory 或 WriteProcessMemory 请求。 (0x12B)
[0818/170901.592:WARNING:pe_image_reader.cc(340)] could not read dos header from C:\WINDOWS\System32\bcryptPrimitives.dll
[0818/170901.592:ERROR:process_memory_win.cc(73)] ReadMemory at 0x7ffca3ad0000 of 64 bytes failed: 仅完成部分的 ReadProcessMemory 或 WriteProcessMemory 请求。 (0x12B)
[0818/170901.592:WARNING:pe_image_reader.cc(340)] could not read dos header from C:\Program Files (x86)\Microsoft\Edge\Application\84.0.522.59\msedge.dll
[0818/170901.592:ERROR:process_memory_win.cc(73)] ReadMemory at 0x7ffd08bc0000 of 64 bytes failed: 仅完成部分的 ReadProcessMemory 或 WriteProcessMemory 请求。 (0x12B)
[0818/170901.592:WARNING:pe_image_reader.cc(340)] could not read dos header from C:\WINDOWS\System32\WS2_32.dll
[0818/170901.592:ERROR:process_memory_win.cc(73)] ReadMemory at 0x7ffd095a0000 of 64 bytes failed: 仅完成部分的 ReadProcessMemory 或 WriteProcessMemory 请求。 (0x12B)
[0818/170901.592:WARNING:pe_image_reader.cc(340)] could not read dos header from C:\WINDOWS\System32\OLEAUT32.dll
[0818/170901.592:ERROR:process_memory_win.cc(73)] ReadMemory at 0x7ffd08400000 of 64 bytes failed: 仅完成部分的 ReadProcessMemory 或 WriteProcessMemory 请求。 (0x12B)
[0818/170901.592:WARNING:pe_image_reader.cc(340)] could not read dos header from C:\WINDOWS\System32\msvcp_win.dll
[0818/170901.592:ERROR:process_memory_win.cc(73)] ReadMemory at 0x7ffd079c0000 of 64 bytes failed: 仅完成部分的 ReadProcessMemory 或 WriteProcessMemory 请求。 (0x12B)
[0818/170901.592:WARNING:pe_image_reader.cc(340)] could not read dos header from C:\WINDOWS\System32\ucrtbase.dll
[0818/170901.592:ERROR:process_memory_win.cc(73)] ReadMemory at 0x7ffd09f30000 of 64 bytes failed: 仅完成部分的 ReadProcessMemory 或 WriteProcessMemory 请求。 (0x12B)
[0818/170901.592:WARNING:pe_image_reader.cc(340)] could not read dos header from C:\WINDOWS\System32\combase.dll
[0818/170901.592:ERROR:process_memory_win.cc(73)] ReadMemory at 0x7ffd084f0000 of 64 bytes failed: 仅完成部分的 ReadProcessMemory 或 WriteProcessMemory 请求。 (0x12B)
[0818/170901.592:WARNING:pe_image_reader.cc(340)] could not read dos header from C:\WINDOWS\System32\WINTRUST.dll
[0818/170901.592:ERROR:process_memory_win.cc(73)] ReadMemory at 0x7ffd07400000 of 64 bytes failed: 仅完成部分的 ReadProcessMemory 或 WriteProcessMemory 请求。 (0x12B)
[0818/170901.592:WARNING:pe_image_reader.cc(340)] could not read dos header from C:\WINDOWS\System32\MSASN1.dll
[0818/170901.592:ERROR:process_memory_win.cc(73)] ReadMemory at 0x7ffd07ac0000 of 64 bytes failed: 仅完成部分的 ReadProcessMemory 或 WriteProcessMemory 请求。 (0x12B)
[0818/170901.592:WARNING:pe_image_reader.cc(340)] could not read dos header from C:\WINDOWS\System32\CRYPT32.dll
[0818/170901.592:ERROR:process_memory_win.cc(73)] ReadMemory at 0x7ffd06880000 of 64 bytes failed: 仅完成部分的 ReadProcessMemory 或 WriteProcessMemory 请求。 (0x12B)
[0818/170901.592:WARNING:pe_image_reader.cc(340)] could not read dos header from C:\WINDOWS\SYSTEM32\IPHLPAPI.DLL
[0818/170901.592:ERROR:process_memory_win.cc(73)] ReadMemory at 0x7ffcfc720000 of 64 bytes failed: 仅完成部分的 ReadProcessMemory 或 WriteProcessMemory 请求。 (0x12B)
[0818/170901.592:WARNING:pe_image_reader.cc(340)] could not read dos header from C:\WINDOWS\SYSTEM32\WINMM.dll
[0818/170901.592:ERROR:process_memory_win.cc(73)] ReadMemory at 0x7ffcf1220000 of 64 bytes failed: 仅完成部分的 ReadProcessMemory 或 WriteProcessMemory 请求。 (0x12B)
[0818/170901.592:WARNING:pe_image_reader.cc(340)] could not read dos header from C:\WINDOWS\SYSTEM32\Secur32.dll
[0818/170901.592:ERROR:process_memory_win.cc(73)] ReadMemory at 0x7ffd07240000 of 64 bytes failed: 仅完成部分的 ReadProcessMemory 或 WriteProcessMemory 请求。 (0x12B)
[0818/170901.592:WARNING:pe_image_reader.cc(340)] could not read dos header from C:\WINDOWS\SYSTEM32\USERENV.dll
[0818/170901.592:ERROR:process_memory_win.cc(73)] ReadMemory at 0x7ffd07380000 of 64 bytes failed: 仅完成部分的 ReadProcessMemory 或 WriteProcessMemory 请求。 (0x12B)
[0818/170901.592:WARNING:pe_image_reader.cc(340)] could not read dos header from C:\WINDOWS\System32\profapi.dll
[0818/170901.592:ERROR:process_memory_win.cc(73)] ReadMemory at 0x7ffce8ec0000 of 64 bytes failed: 仅完成部分的 ReadProcessMemory 或 WriteProcessMemory 请求。 (0x12B)
[0818/170901.592:WARNING:pe_image_reader.cc(340)] could not read dos header from C:\WINDOWS\SYSTEM32\UIAutomationCore.DLL
[0818/170901.592:ERROR:process_memory_win.cc(73)] ReadMemory at 0x7ffd00790000 of 64 bytes failed: 仅完成部分的 ReadProcessMemory 或 WriteProcessMemory 请求。 (0x12B)
[0818/170901.592:WARNING:pe_image_reader.cc(340)] could not read dos header from C:\WINDOWS\SYSTEM32\WINHTTP.dll
[0818/170901.592:ERROR:process_memory_win.cc(73)] ReadMemory at 0x7ffced840000 of 64 bytes failed: 仅完成部分的 ReadProcessMemory 或 WriteProcessMemory 请求。 (0x12B)
[0818/170901.592:WARNING:pe_image_reader.cc(340)] could not read dos header from C:\WINDOWS\SYSTEM32\DWrite.dll
[0818/170901.592:ERROR:process_memory_win.cc(73)] ReadMemory at 0x7ffcf9de0000 of 64 bytes failed: 仅完成部分的 ReadProcessMemory 或 WriteProcessMemory 请求。 (0x12B)
[0818/170901.592:WARNING:pe_image_reader.cc(340)] could not read dos header from C:\WINDOWS\SYSTEM32\WINSPOOL.DRV
[0818/170901.592:ERROR:process_memory_win.cc(73)] ReadMemory at 0x7ffd07360000 of 64 bytes failed: 仅完成部分的 ReadProcessMemory 或 WriteProcessMemory 请求。 (0x12B)
[0818/170901.592:WARNING:pe_image_reader.cc(340)] could not read dos header from C:\WINDOWS\System32\kernel.appcore.dll
[0818/170901.592:ERROR:process_memory_win.cc(73)] ReadMemory at 0x7ffd083d0000 of 64 bytes failed: 仅完成部分的 ReadProcessMemory 或 WriteProcessMemory 请求。 (0x12B)
[0818/170901.592:WARNING:pe_image_reader.cc(340)] could not read dos header from C:\WINDOWS\System32\bcrypt.dll
[0818/170901.592:ERROR:process_memory_win.cc(73)] ReadMemory at 0x7ffcff3e0000 of 64 bytes failed: 仅完成部分的 ReadProcessMemory 或 WriteProcessMemory 请求。 (0x12B)
[0818/170901.592:WARNING:pe_image_reader.cc(340)] could not read dos header from C:\WINDOWS\SYSTEM32\dbghelp.dll
[0818/170901.592:ERROR:process_memory_win.cc(73)] ReadMemory at 0x7ffd06de0000 of 64 bytes failed: 仅完成部分的 ReadProcessMemory 或 WriteProcessMemory 请求。 (0x12B)
[0818/170901.592:WARNING:pe_image_reader.cc(340)] could not read dos header from C:\WINDOWS\SYSTEM32\ncrypt.dll
[0818/170901.592:ERROR:process_memory_win.cc(73)] ReadMemory at 0x7ffd01430000 of 64 bytes failed: 仅完成部分的 ReadProcessMemory 或 WriteProcessMemory 请求。 (0x12B)
[0818/170901.592:WARNING:pe_image_reader.cc(340)] could not read dos header from C:\WINDOWS\SYSTEM32\dhcpcsvc.DLL
[0818/170901.592:ERROR:process_memory_win.cc(73)] ReadMemory at 0x7ffd08ef0000 of 64 bytes failed: 仅完成部分的 ReadProcessMemory 或 WriteProcessMemory 请求。 (0x12B)
[0818/170901.592:WARNING:pe_image_reader.cc(340)] could not read dos header from C:\WINDOWS\System32\NSI.dll
[0818/170901.592:ERROR:process_memory_win.cc(73)] ReadMemory at 0x7ffcfc150000 of 64 bytes failed: 仅完成部分的 ReadProcessMemory 或 WriteProcessMemory 请求。 (0x12B)
[0818/170901.592:WARNING:pe_image_reader.cc(340)] could not read dos header from C:\WINDOWS\SYSTEM32\WINMMBASE.dll
[0818/170901.592:ERROR:process_memory_win.cc(73)] ReadMemory at 0x7ffd084a0000 of 64 bytes failed: 仅完成部分的 ReadProcessMemory 或 WriteProcessMemory 请求。 (0x12B)
[0818/170901.592:WARNING:pe_image_reader.cc(340)] could not read dos header from C:\WINDOWS\System32\cfgmgr32.dll
[0818/170901.592:ERROR:process_memory_win.cc(73)] ReadMemory at 0x7ffd05db0000 of 64 bytes failed: 仅完成部分的 ReadProcessMemory 或 WriteProcessMemory 请求。 (0x12B)
[0818/170901.593:WARNING:pe_image_reader.cc(340)] could not read dos header from C:\WINDOWS\SYSTEM32\PROPSYS.dll
[0818/170901.593:ERROR:process_memory_win.cc(73)] ReadMemory at 0x7ffd0a270000 of 64 bytes failed: 仅完成部分的 ReadProcessMemory 或 WriteProcessMemory 请求。 (0x12B)
[0818/170901.593:WARNING:pe_image_reader.cc(340)] could not read dos header from C:\WINDOWS\System32\shcore.dll
[0818/170901.593:ERROR:process_memory_win.cc(73)] ReadMemory at 0x7ffd06da0000 of 64 bytes failed: 仅完成部分的 ReadProcessMemory 或 WriteProcessMemory 请求。 (0x12B)
[0818/170901.593:WARNING:pe_image_reader.cc(340)] could not read dos header from C:\WINDOWS\SYSTEM32\NTASN1.dll
[0818/170901.593:ERROR:process_memory_win.cc(73)] ReadMemory at 0x7ffd07270000 of 64 bytes failed: 仅完成部分的 ReadProcessMemory 或 WriteProcessMemory 请求。 (0x12B)
[0818/170901.593:WARNING:pe_image_reader.cc(340)] could not read dos header from C:\WINDOWS\SYSTEM32\SSPICLI.DLL
[0818/170901.593:ERROR:process_memory_win.cc(73)] ReadMemory at 0x7ffd06ce0000 of 64 bytes failed: 仅完成部分的 ReadProcessMemory 或 WriteProcessMemory 请求。 (0x12B)
[0818/170901.593:WARNING:pe_image_reader.cc(340)] could not read dos header from C:\WINDOWS\SYSTEM32\CRYPTBASE.DLL
[0818/170901.593:ERROR:process_memory_win.cc(73)] ReadMemory at 0x7ff676350000 of 64 bytes failed: 仅完成部分的 ReadProcessMemory 或 WriteProcessMemory 请求。 (0x12B)
[0818/170901.593:WARNING:pe_image_reader.cc(340)] could not read dos header from C:\Program Files (x86)\Microsoft\Edge\Application\msedge.exe
[0818/170901.593:ERROR:process_memory_win.cc(73)] ReadMemory at 0x7ffd0a4a0000 of 64 bytes failed: 仅完成部分的 ReadProcessMemory 或 WriteProcessMemory 请求。 (0x12B)
[0818/170901.593:WARNING:pe_image_reader.cc(340)] could not read dos header from C:\WINDOWS\SYSTEM32\ntdll.dll
[0818/170901.593:ERROR:process_memory_win.cc(73)] ReadMemory at 0x7ffd09340000 of 64 bytes failed: 仅完成部分的 ReadProcessMemory 或 WriteProcessMemory 请求。 (0x12B)
[0818/170901.593:WARNING:pe_image_reader.cc(340)] could not read dos header from C:\WINDOWS\System32\KERNEL32.DLL
[0818/170901.593:ERROR:process_memory_win.cc(73)] ReadMemory at 0x7ffd075e0000 of 64 bytes failed: 仅完成部分的 ReadProcessMemory 或 WriteProcessMemory 请求。 (0x12B)
[0818/170901.593:WARNING:pe_image_reader.cc(340)] could not read dos header from C:\WINDOWS\System32\KERNELBASE.dll
[0818/170901.593:ERROR:process_memory_win.cc(73)] ReadMemory at 0x7ffd091f0000 of 64 bytes failed: 仅完成部分的 ReadProcessMemory 或 WriteProcessMemory 请求。 (0x12B)
[0818/170901.593:WARNING:pe_image_reader.cc(340)] could not read dos header from C:\WINDOWS\System32\ADVAPI32.DLL
[0818/170901.593:ERROR:process_memory_win.cc(73)] ReadMemory at 0x7ffd089c0000 of 64 bytes failed: 仅完成部分的 ReadProcessMemory 或 WriteProcessMemory 请求。 (0x12B)
[0818/170901.593:WARNING:pe_image_reader.cc(340)] could not read dos header from C:\WINDOWS\System32\msvcrt.dll
[0818/170901.593:ERROR:process_memory_win.cc(73)] ReadMemory at 0x7ffd092a0000 of 64 bytes failed: 仅完成部分的 ReadProcessMemory 或 WriteProcessMemory 请求。 (0x12B)
[0818/170901.593:WARNING:pe_image_reader.cc(340)] could not read dos header from C:\WINDOWS\System32\sechost.dll
[0818/170901.593:ERROR:process_memory_win.cc(73)] ReadMemory at 0x7ffd09d70000 of 64 bytes failed: 仅完成部分的 ReadProcessMemory 或 WriteProcessMemory 请求。 (0x12B)
[0818/170901.593:WARNING:pe_image_reader.cc(340)] could not read dos header from C:\WINDOWS\System32\RPCRT4.dll
[0818/170901.593:ERROR:process_memory_win.cc(73)] ReadMemory at 0x7ffcb9010000 of 64 bytes failed: 仅完成部分的 ReadProcessMemory 或 WriteProcessMemory 请求。 (0x12B)
[0818/170901.593:WARNING:pe_image_reader.cc(340)] could not read dos header from C:\Program Files (x86)\Microsoft\Edge\Application\84.0.522.59\msedge_elf.dll
[0818/170901.593:ERROR:process_memory_win.cc(73)] ReadMemory at 0x7ffd07940000 of 64 bytes failed: 仅完成部分的 ReadProcessMemory 或 WriteProcessMemory 请求。 (0x12B)
[0818/170901.593:WARNING:pe_image_reader.cc(340)] could not read dos header from C:\WINDOWS\System32\bcryptPrimitives.dll
[0818/170901.593:ERROR:process_memory_win.cc(73)] ReadMemory at 0x7ffca3ad0000 of 64 bytes failed: 仅完成部分的 ReadProcessMemory 或 WriteProcessMemory 请求。 (0x12B)
[0818/170901.593:WARNING:pe_image_reader.cc(340)] could not read dos header from C:\Program Files (x86)\Microsoft\Edge\Application\84.0.522.59\msedge.dll
[0818/170901.593:ERROR:process_memory_win.cc(73)] ReadMemory at 0x7ffd08bc0000 of 64 bytes failed: 仅完成部分的 ReadProcessMemory 或 WriteProcessMemory 请求。 (0x12B)
[0818/170901.593:WARNING:pe_image_reader.cc(340)] could not read dos header from C:\WINDOWS\System32\WS2_32.dll
[0818/170901.593:ERROR:process_memory_win.cc(73)] ReadMemory at 0x7ffd095a0000 of 64 bytes failed: 仅完成部分的 ReadProcessMemory 或 WriteProcessMemory 请求。 (0x12B)
[0818/170901.593:WARNING:pe_image_reader.cc(340)] could not read dos header from C:\WINDOWS\System32\OLEAUT32.dll
[0818/170901.593:ERROR:process_memory_win.cc(73)] ReadMemory at 0x7ffd08400000 of 64 bytes failed: 仅完成部分的 ReadProcessMemory 或 WriteProcessMemory 请求。 (0x12B)
[0818/170901.593:WARNING:pe_image_reader.cc(340)] could not read dos header from C:\WINDOWS\System32\msvcp_win.dll
[0818/170901.593:ERROR:process_memory_win.cc(73)] ReadMemory at 0x7ffd079c0000 of 64 bytes failed: 仅完成部分的 ReadProcessMemory 或 WriteProcessMemory 请求。 (0x12B)
[0818/170901.593:WARNING:pe_image_reader.cc(340)] could not read dos header from C:\WINDOWS\System32\ucrtbase.dll
[0818/170901.593:ERROR:process_memory_win.cc(73)] ReadMemory at 0x7ffd09f30000 of 64 bytes failed: 仅完成部分的 ReadProcessMemory 或 WriteProcessMemory 请求。 (0x12B)
[0818/170901.593:WARNING:pe_image_reader.cc(340)] could not read dos header from C:\WINDOWS\System32\combase.dll
[0818/170901.593:ERROR:process_memory_win.cc(73)] ReadMemory at 0x7ffd084f0000 of 64 bytes failed: 仅完成部分的 ReadProcessMemory 或 WriteProcessMemory 请求。 (0x12B)
[0818/170901.593:WARNING:pe_image_reader.cc(340)] could not read dos header from C:\WINDOWS\System32\WINTRUST.dll
[0818/170901.593:ERROR:process_memory_win.cc(73)] ReadMemory at 0x7ffd07400000 of 64 bytes failed: 仅完成部分的 ReadProcessMemory 或 WriteProcessMemory 请求。 (0x12B)
[0818/170901.593:WARNING:pe_image_reader.cc(340)] could not read dos header from C:\WINDOWS\System32\MSASN1.dll
[0818/170901.593:ERROR:process_memory_win.cc(73)] ReadMemory at 0x7ffd07ac0000 of 64 bytes failed: 仅完成部分的 ReadProcessMemory 或 WriteProcessMemory 请求。 (0x12B)
[0818/170901.593:WARNING:pe_image_reader.cc(340)] could not read dos header from C:\WINDOWS\System32\CRYPT32.dll
[0818/170901.593:ERROR:process_memory_win.cc(73)] ReadMemory at 0x7ffd06880000 of 64 bytes failed: 仅完成部分的 ReadProcessMemory 或 WriteProcessMemory 请求。 (0x12B)
[0818/170901.593:WARNING:pe_image_reader.cc(340)] could not read dos header from C:\WINDOWS\SYSTEM32\IPHLPAPI.DLL
[0818/170901.593:ERROR:process_memory_win.cc(73)] ReadMemory at 0x7ffcfc720000 of 64 bytes failed: 仅完成部分的 ReadProcessMemory 或 WriteProcessMemory 请求。 (0x12B)
[0818/170901.593:WARNING:pe_image_reader.cc(340)] could not read dos header from C:\WINDOWS\SYSTEM32\WINMM.dll
[0818/170901.593:ERROR:process_memory_win.cc(73)] ReadMemory at 0x7ffcf1220000 of 64 bytes failed: 仅完成部分的 ReadProcessMemory 或 WriteProcessMemory 请求。 (0x12B)
[0818/170901.593:WARNING:pe_image_reader.cc(340)] could not read dos header from C:\WINDOWS\SYSTEM32\Secur32.dll
[0818/170901.593:ERROR:process_memory_win.cc(73)] ReadMemory at 0x7ffd07240000 of 64 bytes failed: 仅完成部分的 ReadProcessMemory 或 WriteProcessMemory 请求。 (0x12B)
[0818/170901.593:WARNING:pe_image_reader.cc(340)] could not read dos header from C:\WINDOWS\SYSTEM32\USERENV.dll
[0818/170901.593:ERROR:process_memory_win.cc(73)] ReadMemory at 0x7ffd07380000 of 64 bytes failed: 仅完成部分的 ReadProcessMemory 或 WriteProcessMemory 请求。 (0x12B)
[0818/170901.593:WARNING:pe_image_reader.cc(340)] could not read dos header from C:\WINDOWS\System32\profapi.dll
[0818/170901.593:ERROR:process_memory_win.cc(73)] ReadMemory at 0x7ffce8ec0000 of 64 bytes failed: 仅完成部分的 ReadProcessMemory 或 WriteProcessMemory 请求。 (0x12B)
[0818/170901.593:WARNING:pe_image_reader.cc(340)] could not read dos header from C:\WINDOWS\SYSTEM32\UIAutomationCore.DLL
[0818/170901.593:ERROR:process_memory_win.cc(73)] ReadMemory at 0x7ffd00790000 of 64 bytes failed: 仅完成部分的 ReadProcessMemory 或 WriteProcessMemory 请求。 (0x12B)
[0818/170901.593:WARNING:pe_image_reader.cc(340)] could not read dos header from C:\WINDOWS\SYSTEM32\WINHTTP.dll
[0818/170901.593:ERROR:process_memory_win.cc(73)] ReadMemory at 0x7ffced840000 of 64 bytes failed: 仅完成部分的 ReadProcessMemory 或 WriteProcessMemory 请求。 (0x12B)
[0818/170901.593:WARNING:pe_image_reader.cc(340)] could not read dos header from C:\WINDOWS\SYSTEM32\DWrite.dll
[0818/170901.594:ERROR:process_memory_win.cc(73)] ReadMemory at 0x7ffcf9de0000 of 64 bytes failed: 仅完成部分的 ReadProcessMemory 或 WriteProcessMemory 请求。 (0x12B)
[0818/170901.594:WARNING:pe_image_reader.cc(340)] could not read dos header from C:\WINDOWS\SYSTEM32\WINSPOOL.DRV
[0818/170901.594:ERROR:process_memory_win.cc(73)] ReadMemory at 0x7ffd07360000 of 64 bytes failed: 仅完成部分的 ReadProcessMemory 或 WriteProcessMemory 请求。 (0x12B)
[0818/170901.594:WARNING:pe_image_reader.cc(340)] could not read dos header from C:\WINDOWS\System32\kernel.appcore.dll
[0818/170901.594:ERROR:process_memory_win.cc(73)] ReadMemory at 0x7ffd083d0000 of 64 bytes failed: 仅完成部分的 ReadProcessMemory 或 WriteProcessMemory 请求。 (0x12B)
[0818/170901.594:WARNING:pe_image_reader.cc(340)] could not read dos header from C:\WINDOWS\System32\bcrypt.dll
[0818/170901.594:ERROR:process_memory_win.cc(73)] ReadMemory at 0x7ffcff3e0000 of 64 bytes failed: 仅完成部分的 ReadProcessMemory 或 WriteProcessMemory 请求。 (0x12B)
[0818/170901.594:WARNING:pe_image_reader.cc(340)] could not read dos header from C:\WINDOWS\SYSTEM32\dbghelp.dll
[0818/170901.594:ERROR:process_memory_win.cc(73)] ReadMemory at 0x7ffd06de0000 of 64 bytes failed: 仅完成部分的 ReadProcessMemory 或 WriteProcessMemory 请求。 (0x12B)
[0818/170901.594:WARNING:pe_image_reader.cc(340)] could not read dos header from C:\WINDOWS\SYSTEM32\ncrypt.dll
[0818/170901.594:ERROR:process_memory_win.cc(73)] ReadMemory at 0x7ffd01430000 of 64 bytes failed: 仅完成部分的 ReadProcessMemory 或 WriteProcessMemory 请求。 (0x12B)
[0818/170901.594:WARNING:pe_image_reader.cc(340)] could not read dos header from C:\WINDOWS\SYSTEM32\dhcpcsvc.DLL
[0818/170901.594:ERROR:process_memory_win.cc(73)] ReadMemory at 0x7ffd08ef0000 of 64 bytes failed: 仅完成部分的 ReadProcessMemory 或 WriteProcessMemory 请求。 (0x12B)
[0818/170901.594:WARNING:pe_image_reader.cc(340)] could not read dos header from C:\WINDOWS\System32\NSI.dll
[0818/170901.594:ERROR:process_memory_win.cc(73)] ReadMemory at 0x7ffcfc150000 of 64 bytes failed: 仅完成部分的 ReadProcessMemory 或 WriteProcessMemory 请求。 (0x12B)
[0818/170901.594:WARNING:pe_image_reader.cc(340)] could not read dos header from C:\WINDOWS\SYSTEM32\WINMMBASE.dll
[0818/170901.594:ERROR:process_memory_win.cc(73)] ReadMemory at 0x7ffd084a0000 of 64 bytes failed: 仅完成部分的 ReadProcessMemory 或 WriteProcessMemory 请求。 (0x12B)
[0818/170901.594:WARNING:pe_image_reader.cc(340)] could not read dos header from C:\WINDOWS\System32\cfgmgr32.dll
[0818/170901.594:ERROR:process_memory_win.cc(73)] ReadMemory at 0x7ffd05db0000 of 64 bytes failed: 仅完成部分的 ReadProcessMemory 或 WriteProcessMemory 请求。 (0x12B)
[0818/170901.594:WARNING:pe_image_reader.cc(340)] could not read dos header from C:\WINDOWS\SYSTEM32\PROPSYS.dll
[0818/170901.594:ERROR:process_memory_win.cc(73)] ReadMemory at 0x7ffd0a270000 of 64 bytes failed: 仅完成部分的 ReadProcessMemory 或 WriteProcessMemory 请求。 (0x12B)
[0818/170901.594:WARNING:pe_image_reader.cc(340)] could not read dos header from C:\WINDOWS\System32\shcore.dll
[0818/170901.594:ERROR:process_memory_win.cc(73)] ReadMemory at 0x7ffd06da0000 of 64 bytes failed: 仅完成部分的 ReadProcessMemory 或 WriteProcessMemory 请求。 (0x12B)
[0818/170901.594:WARNING:pe_image_reader.cc(340)] could not read dos header from C:\WINDOWS\SYSTEM32\NTASN1.dll
[0818/170901.594:ERROR:process_memory_win.cc(73)] ReadMemory at 0x7ffd07270000 of 64 bytes failed: 仅完成部分的 ReadProcessMemory 或 WriteProcessMemory 请求。 (0x12B)
[0818/170901.594:WARNING:pe_image_reader.cc(340)] could not read dos header from C:\WINDOWS\SYSTEM32\SSPICLI.DLL
[0818/170901.594:ERROR:process_memory_win.cc(73)] ReadMemory at 0x7ffd06ce0000 of 64 bytes failed: 仅完成部分的 ReadProcessMemory 或 WriteProcessMemory 请求。 (0x12B)
[0818/170901.594:WARNING:pe_image_reader.cc(340)] could not read dos header from C:\WINDOWS\SYSTEM32\CRYPTBASE.DLL
[0818/170901.601:ERROR:process_memory_win.cc(73)] ReadMemory at 0x48d6e01000 of 8384512 bytes failed: 仅完成部分的 ReadProcessMemory 或 WriteProcessMemory 请求。 (0x12B)
[0818/170901.609:ERROR:process_memory_win.cc(73)] ReadMemory at 0x48d7dff000 of 4096 bytes failed: 仅完成部分的 ReadProcessMemory 或 WriteProcessMemory 请求。 (0x12B)
[0818/170901.609:ERROR:process_memory_win.cc(73)] ReadMemory at 0x48d85fd000 of 12288 bytes failed: 仅完成部分的 ReadProcessMemory 或 WriteProcessMemory 请求。 (0x12B)
[0818/170901.609:ERROR:process_memory_win.cc(73)] ReadMemory at 0x48d95fc000 of 16384 bytes failed: 仅完成部分的 ReadProcessMemory 或 WriteProcessMemory 请求。 (0x12B)
[0818/170901.609:ERROR:process_memory_win.cc(73)] ReadMemory at 0x48d9dfc000 of 16384 bytes failed: 仅完成部分的 ReadProcessMemory 或 WriteProcessMemory 请求。 (0x12B)
[0818/170901.609:ERROR:process_memory_win.cc(73)] ReadMemory at 0x48da5fd000 of 12288 bytes failed: 仅完成部分的 ReadProcessMemory 或 WriteProcessMemory 请求。 (0x12B)
[0818/170901.609:ERROR:process_memory_win.cc(73)] ReadMemory at 0x48dadfb000 of 20480 bytes failed: 仅完成部分的 ReadProcessMemory 或 WriteProcessMemory 请求。 (0x12B)
[0818/170901.609:ERROR:process_memory_win.cc(73)] ReadMemory at 0x48dbdfd000 of 12288 bytes failed: 仅完成部分的 ReadProcessMemory 或 WriteProcessMemory 请求。 (0x12B)
[0818/170901.609:ERROR:process_memory_win.cc(73)] ReadMemory at 0x48dc5f8000 of 32768 bytes failed: 仅完成部分的 ReadProcessMemory 或 WriteProcessMemory 请求。 (0x12B)
[0818/170901.609:ERROR:process_memory_win.cc(73)] ReadMemory at 0x48dcdf7000 of 36864 bytes failed: 仅完成部分的 ReadProcessMemory 或 WriteProcessMemory 请求。 (0x12B)
[0818/170901.609:ERROR:process_memory_win.cc(73)] ReadMemory at 0x48dd5f8000 of 32768 bytes failed: 仅完成部分的 ReadProcessMemory 或 WriteProcessMemory 请求。 (0x12B)
[0818/170901.609:ERROR:process_memory_win.cc(73)] ReadMemory at 0x48dddf6000 of 40960 bytes failed: 仅完成部分的 ReadProcessMemory 或 WriteProcessMemory 请求。 (0x12B)
[0818/170901.609:ERROR:process_memory_win.cc(73)] ReadMemory at 0x48de5fd000 of 12288 bytes failed: 仅完成部分的 ReadProcessMemory 或 WriteProcessMemory 请求。 (0x12B)
[0818/170901.609:ERROR:process_memory_win.cc(73)] ReadMemory at 0x48dedfd000 of 12288 bytes failed: 仅完成部分的 ReadProcessMemory 或 WriteProcessMemory 请求。 (0x12B)
[0818/170901.609:ERROR:process_memory_win.cc(73)] ReadMemory at 0x48d8dfd000 of 12288 bytes failed: 仅完成部分的 ReadProcessMemory 或 WriteProcessMemory 请求。 (0x12B)
[0818/170901.609:ERROR:process_memory_win.cc(73)] ReadMemory at 0x48e05fb000 of 20480 bytes failed: 仅完成部分的 ReadProcessMemory 或 WriteProcessMemory 请求。 (0x12B)
[0818/170901.609:ERROR:process_memory_win.cc(73)] ReadMemory at 0x48e2df9000 of 28672 bytes failed: 仅完成部分的 ReadProcessMemory 或 WriteProcessMemory 请求。 (0x12B)
[0818/170901.609:ERROR:process_memory_win.cc(73)] ReadMemory at 0x48db5f5000 of 45056 bytes failed: 仅完成部分的 ReadProcessMemory 或 WriteProcessMemory 请求。 (0x12B)
[0818/170901.609:ERROR:process_memory_win.cc(73)] ReadMemory at 0x48df5f9000 of 28672 bytes failed: 仅完成部分的 ReadProcessMemory 或 WriteProcessMemory 请求。 (0x12B)
[0818/170901.610:ERROR:process_memory_win.cc(73)] ReadMemory at 0x48dfdfc000 of 16384 bytes failed: 仅完成部分的 ReadProcessMemory 或 WriteProcessMemory 请求。 (0x12B)
[0818/170901.610:ERROR:process_memory_win.cc(73)] ReadMemory at 0x48e0dfc000 of 16384 bytes failed: 仅完成部分的 ReadProcessMemory 或 WriteProcessMemory 请求。 (0x12B)
[0818/170901.610:ERROR:process_memory_win.cc(73)] ReadMemory at 0x48e15f9000 of 28672 bytes failed: 仅完成部分的 ReadProcessMemory 或 WriteProcessMemory 请求。 (0x12B)
[0818/170901.610:ERROR:process_memory_win.cc(73)] ReadMemory at 0x48e1dfc000 of 16384 bytes failed: 仅完成部分的 ReadProcessMemory 或 WriteProcessMemory 请求。 (0x12B)
[0818/170901.610:ERROR:process_memory_win.cc(73)] ReadMemory at 0x48e25f9000 of 28672 bytes failed: 仅完成部分的 ReadProcessMemory 或 WriteProcessMemory 请求。 (0x12B)
[0818/170901.610:ERROR:process_memory_win.cc(73)] ReadMemory at 0x48e35f5000 of 45056 bytes failed: 仅完成部分的 ReadProcessMemory 或 WriteProcessMemory 请求。 (0x12B)
[0818/170901.610:ERROR:process_memory_win.cc(73)] ReadMemory at 0x48e3dfc000 of 16384 bytes failed: 仅完成部分的 ReadProcessMemory 或 WriteProcessMemory 请求。 (0x12B)
[0818/170901.610:ERROR:process_memory_win.cc(73)] ReadMemory at 0x48d6ca9000 of 852 bytes failed: 仅完成部分的 ReadProcessMemory 或 WriteProcessMemory 请求。 (0x12B)
[0818/170901.610:ERROR:process_memory_win.cc(73)] ReadMemory at 0x48d6caa000 of 6024 bytes failed: 仅完成部分的 ReadProcessMemory 或 WriteProcessMemory 请求。 (0x12B)
[0818/170901.610:ERROR:process_memory_win.cc(73)] ReadMemory at 0x48d6cac000 of 6024 bytes failed: 仅完成部分的 ReadProcessMemory 或 WriteProcessMemory 请求。 (0x12B)
[0818/170901.610:ERROR:process_memory_win.cc(73)] ReadMemory at 0x48d6cae000 of 6024 bytes failed: 仅完成部分的 ReadProcessMemory 或 WriteProcessMemory 请求。 (0x12B)
[0818/170901.610:ERROR:process_memory_win.cc(73)] ReadMemory at 0x48d6cb2000 of 6024 bytes failed: 仅完成部分的 ReadProcessMemory 或 WriteProcessMemory 请求。 (0x12B)
[0818/170901.610:ERROR:process_memory_win.cc(73)] ReadMemory at 0x48d6cb4000 of 6024 bytes failed: 仅完成部分的 ReadProcessMemory 或 WriteProcessMemory 请求。 (0x12B)
[0818/170901.610:ERROR:process_memory_win.cc(73)] ReadMemory at 0x48d6cb6000 of 6024 bytes failed: 仅完成部分的 ReadProcessMemory 或 WriteProcessMemory 请求。 (0x12B)
[0818/170901.610:ERROR:process_memory_win.cc(73)] ReadMemory at 0x48d6cb8000 of 6024 bytes failed: 仅完成部分的 ReadProcessMemory 或 WriteProcessMemory 请求。 (0x12B)
[0818/170901.610:ERROR:process_memory_win.cc(73)] ReadMemory at 0x48d6cbc000 of 6024 bytes failed: 仅完成部分的 ReadProcessMemory 或 WriteProcessMemory 请求。 (0x12B)
[0818/170901.610:ERROR:process_memory_win.cc(73)] ReadMemory at 0x48d6cbe000 of 6024 bytes failed: 仅完成部分的 ReadProcessMemory 或 WriteProcessMemory 请求。 (0x12B)
[0818/170901.610:ERROR:process_memory_win.cc(73)] ReadMemory at 0x48d6cc0000 of 6024 bytes failed: 仅完成部分的 ReadProcessMemory 或 WriteProcessMemory 请求。 (0x12B)
[0818/170901.610:ERROR:process_memory_win.cc(73)] ReadMemory at 0x48d6cc2000 of 6024 bytes failed: 仅完成部分的 ReadProcessMemory 或 WriteProcessMemory 请求。 (0x12B)
[0818/170901.610:ERROR:process_memory_win.cc(73)] ReadMemory at 0x48d6cc4000 of 6024 bytes failed: 仅完成部分的 ReadProcessMemory 或 WriteProcessMemory 请求。 (0x12B)
[0818/170901.610:ERROR:process_memory_win.cc(73)] ReadMemory at 0x48d6cc6000 of 6024 bytes failed: 仅完成部分的 ReadProcessMemory 或 WriteProcessMemory 请求。 (0x12B)
[0818/170901.610:ERROR:process_memory_win.cc(73)] ReadMemory at 0x48d6cc8000 of 6024 bytes failed: 仅完成部分的 ReadProcessMemory 或 WriteProcessMemory 请求。 (0x12B)
[0818/170901.610:ERROR:process_memory_win.cc(73)] ReadMemory at 0x48d6cf0000 of 6024 bytes failed: 仅完成部分的 ReadProcessMemory 或 WriteProcessMemory 请求。 (0x12B)
[0818/170901.610:ERROR:process_memory_win.cc(73)] ReadMemory at 0x48d6cf6000 of 6024 bytes failed: 仅完成部分的 ReadProcessMemory 或 WriteProcessMemory 请求。 (0x12B)
[0818/170901.610:ERROR:process_memory_win.cc(73)] ReadMemory at 0x48d6d00000 of 6024 bytes failed: 仅完成部分的 ReadProcessMemory 或 WriteProcessMemory 请求。 (0x12B)
[0818/170901.610:ERROR:process_memory_win.cc(73)] ReadMemory at 0x48d6d04000 of 6024 bytes failed: 仅完成部分的 ReadProcessMemory 或 WriteProcessMemory 请求。 (0x12B)
[0818/170901.610:ERROR:process_memory_win.cc(73)] ReadMemory at 0x48d6d06000 of 6024 bytes failed: 仅完成部分的 ReadProcessMemory 或 WriteProcessMemory 请求。 (0x12B)
[0818/170901.610:ERROR:process_memory_win.cc(73)] ReadMemory at 0x48d6d08000 of 6024 bytes failed: 仅完成部分的 ReadProcessMemory 或 WriteProcessMemory 请求。 (0x12B)
[0818/170901.611:ERROR:process_memory_win.cc(73)] ReadMemory at 0x48d6d0a000 of 6024 bytes failed: 仅完成部分的 ReadProcessMemory 或 WriteProcessMemory 请求。 (0x12B)
[0818/170901.611:ERROR:process_memory_win.cc(73)] ReadMemory at 0x48d6d0c000 of 6024 bytes failed: 仅完成部分的 ReadProcessMemory 或 WriteProcessMemory 请求。 (0x12B)
[0818/170901.611:ERROR:process_memory_win.cc(73)] ReadMemory at 0x48d6d0e000 of 6024 bytes failed: 仅完成部分的 ReadProcessMemory 或 WriteProcessMemory 请求。 (0x12B)
[0818/170901.611:ERROR:process_memory_win.cc(73)] ReadMemory at 0x48d6d10000 of 6024 bytes failed: 仅完成部分的 ReadProcessMemory 或 WriteProcessMemory 请求。 (0x12B)
[0818/170901.611:ERROR:process_memory_win.cc(73)] ReadMemory at 0x48d6d12000 of 6024 bytes failed: 仅完成部分的 ReadProcessMemory 或 WriteProcessMemory 请求。 (0x12B)
[0818/170901.611:ERROR:process_memory_win.cc(73)] ReadMemory at 0x48d6d14000 of 6024 bytes failed: 仅完成部分的 ReadProcessMemory 或 WriteProcessMemory 请求。 (0x12B)
[0818/170901.611:ERROR:process_memory_win.cc(73)] ReadMemory at 0x14b8f8b02c0 of 40 bytes failed: 仅完成部分的 ReadProcessMemory 或 WriteProcessMemory 请求。 (0x12B)
[0818/170901.611:ERROR:process_memory_win.cc(73)] ReadMemory at 0x14b8f8c02c0 of 40 bytes failed: 仅完成部分的 ReadProcessMemory 或 WriteProcessMemory 请求。 (0x12B)
[0818/170901.611:ERROR:process_memory_win.cc(73)] ReadMemory at 0x14b8f9a02c0 of 40 bytes failed: 仅完成部分的 ReadProcessMemory 或 WriteProcessMemory 请求。 (0x12B)
[0818/170901.611:ERROR:process_memory_win.cc(73)] ReadMemory at 0x14b8f9a0fe0 of 31514 bytes failed: 仅完成部分的 ReadProcessMemory 或 WriteProcessMemory 请求。 (0x12B)
[0818/170901.611:ERROR:process_memory_win.cc(73)] ReadMemory at 0x14b8f9a8b10 of 1012 bytes failed: 仅完成部分的 ReadProcessMemory 或 WriteProcessMemory 请求。 (0x12B)
[0818/170901.611:ERROR:process_memory_win.cc(73)] ReadMemory at 0x14b8f9a9158 of 120 bytes failed: 仅完成部分的 ReadProcessMemory 或 WriteProcessMemory 请求。 (0x12B)
[0818/170901.611:ERROR:process_memory_win.cc(73)] ReadMemory at 0x14b8f9a91d2 of 760 bytes failed: 仅完成部分的 ReadProcessMemory 或 WriteProcessMemory 请求。 (0x12B)
[0818/170901.611:ERROR:process_memory_win.cc(73)] ReadMemory at 0x14b8f9a94cc of 120 bytes failed: 仅完成部分的 ReadProcessMemory 或 WriteProcessMemory 请求。 (0x12B)
[0818/170901.611:ERROR:process_memory_win.cc(73)] ReadMemory at 0x14b8f9a9546 of 100 bytes failed: 仅完成部分的 ReadProcessMemory 或 WriteProcessMemory 请求。 (0x12B)
[0818/170901.611:ERROR:process_memory_win.cc(73)] ReadMemory at 0x14b8f9a95c0 of 58 bytes failed: 仅完成部分的 ReadProcessMemory 或 WriteProcessMemory 请求。 (0x12B)
[0818/170901.611:ERROR:process_memory_win.cc(73)] ReadMemory at 0x14b8f9a96c0 of 132 bytes failed: 仅完成部分的 ReadProcessMemory 或 WriteProcessMemory 请求。 (0x12B)
[0818/170901.611:ERROR:process_memory_win.cc(73)] ReadMemory at 0x14b8f9a9850 of 132 bytes failed: 仅完成部分的 ReadProcessMemory 或 WriteProcessMemory 请求。 (0x12B)
[0818/170901.611:ERROR:process_memory_win.cc(73)] ReadMemory at 0x14b8f9a9d60 of 64 bytes failed: 仅完成部分的 ReadProcessMemory 或 WriteProcessMemory 请求。 (0x12B)
[0818/170901.611:ERROR:process_memory_win.cc(73)] ReadMemory at 0x14b8f9a9df0 of 132 bytes failed: 仅完成部分的 ReadProcessMemory 或 WriteProcessMemory 请求。 (0x12B)
[0818/170901.611:ERROR:process_memory_win.cc(73)] ReadMemory at 0x14b8f9a9f80 of 64 bytes failed: 仅完成部分的 ReadProcessMemory 或 WriteProcessMemory 请求。 (0x12B)
[0818/170901.611:ERROR:process_memory_win.cc(73)] ReadMemory at 0x14b8f9a9fd0 of 132 bytes failed: 仅完成部分的 ReadProcessMemory 或 WriteProcessMemory 请求。 (0x12B)
[0818/170901.611:ERROR:process_memory_win.cc(73)] ReadMemory at 0x14b8f9aa270 of 60 bytes failed: 仅完成部分的 ReadProcessMemory 或 WriteProcessMemory 请求。 (0x12B)
[0818/170901.611:ERROR:process_memory_win.cc(73)] ReadMemory at 0x14b8f9aa3e0 of 132 bytes failed: 仅完成部分的 ReadProcessMemory 或 WriteProcessMemory 请求。 (0x12B)
[0818/170901.611:ERROR:process_memory_win.cc(73)] ReadMemory at 0x14b8f9aa570 of 68 bytes failed: 仅完成部分的 ReadProcessMemory 或 WriteProcessMemory 请求。 (0x12B)
[0818/170901.611:ERROR:process_memory_win.cc(73)] ReadMemory at 0x14b8f9ab5e0 of 132 bytes failed: 仅完成部分的 ReadProcessMemory 或 WriteProcessMemory 请求。 (0x12B)
[0818/170901.611:ERROR:process_memory_win.cc(73)] ReadMemory at 0x14b8f9ab8e0 of 132 bytes failed: 仅完成部分的 ReadProcessMemory 或 WriteProcessMemory 请求。 (0x12B)
[0818/170901.611:ERROR:process_memory_win.cc(73)] ReadMemory at 0x14b8f9aba70 of 62 bytes failed: 仅完成部分的 ReadProcessMemory 或 WriteProcessMemory 请求。 (0x12B)
[0818/170901.611:ERROR:process_memory_win.cc(73)] ReadMemory at 0x14b8f9abc10 of 152 bytes failed: 仅完成部分的 ReadProcessMemory 或 WriteProcessMemory 请求。 (0x12B)
[0818/170901.611:ERROR:process_memory_win.cc(73)] ReadMemory at 0x14b8f9abcd0 of 132 bytes failed: 仅完成部分的 ReadProcessMemory 或 WriteProcessMemory 请求。 (0x12B)
[0818/170901.611:ERROR:process_memory_win.cc(73)] ReadMemory at 0x14b8f9abe60 of 60 bytes failed: 仅完成部分的 ReadProcessMemory 或 WriteProcessMemory 请求。 (0x12B)
[0818/170901.612:ERROR:process_memory_win.cc(73)] ReadMemory at 0x14b8f9b2bd0 of 132 bytes failed: 仅完成部分的 ReadProcessMemory 或 WriteProcessMemory 请求。 (0x12B)
[0818/170901.612:ERROR:process_memory_win.cc(73)] ReadMemory at 0x14b8f9bb6ca of 512 bytes failed: 仅完成部分的 ReadProcessMemory 或 WriteProcessMemory 请求。 (0x12B)
[0818/170901.612:ERROR:process_memory_win.cc(73)] ReadMemory at 0x14b8f9cbb00 of 144 bytes failed: 仅完成部分的 ReadProcessMemory 或 WriteProcessMemory 请求。 (0x12B)
[0818/170901.612:ERROR:process_memory_win.cc(73)] ReadMemory at 0x14b8f9cd210 of 80 bytes failed: 仅完成部分的 ReadProcessMemory 或 WriteProcessMemory 请求。 (0x12B)
[0818/170901.612:ERROR:process_memory_win.cc(73)] ReadMemory at 0x14b8f9ceb80 of 132 bytes failed: 仅完成部分的 ReadProcessMemory 或 WriteProcessMemory 请求。 (0x12B)
[0818/170901.612:ERROR:process_memory_win.cc(73)] ReadMemory at 0x14b8f9ceda0 of 132 bytes failed: 仅完成部分的 ReadProcessMemory 或 WriteProcessMemory 请求。 (0x12B)
[0818/170901.612:ERROR:process_memory_win.cc(73)] ReadMemory at 0x14b8f9cf630 of 132 bytes failed: 仅完成部分的 ReadProcessMemory 或 WriteProcessMemory 请求。 (0x12B)
[0818/170901.612:ERROR:process_memory_win.cc(73)] ReadMemory at 0x14b8f9d1da0 of 40 bytes failed: 仅完成部分的 ReadProcessMemory 或 WriteProcessMemory 请求。 (0x12B)
[0818/170901.612:ERROR:process_memory_win.cc(73)] ReadMemory at 0x14b8f9d2a90 of 54 bytes failed: 仅完成部分的 ReadProcessMemory 或 WriteProcessMemory 请求。 (0x12B)
[0818/170901.612:ERROR:process_memory_win.cc(73)] ReadMemory at 0x14b8f9d4db0 of 132 bytes failed: 仅完成部分的 ReadProcessMemory 或 WriteProcessMemory 请求。 (0x12B)
[0818/170901.612:ERROR:process_memory_win.cc(73)] ReadMemory at 0x14b8f9d4fc0 of 132 bytes failed: 仅完成部分的 ReadProcessMemory 或 WriteProcessMemory 请求。 (0x12B)
[0818/170901.612:ERROR:process_memory_win.cc(73)] ReadMemory at 0x14b8f9d51d0 of 132 bytes failed: 仅完成部分的 ReadProcessMemory 或 WriteProcessMemory 请求。 (0x12B)
[0818/170901.612:ERROR:process_memory_win.cc(73)] ReadMemory at 0x14b8f9d6030 of 80 bytes failed: 仅完成部分的 ReadProcessMemory 或 WriteProcessMemory 请求。 (0x12B)
[0818/170901.612:ERROR:process_memory_win.cc(73)] ReadMemory at 0x14b8f9d6990 of 76 bytes failed: 仅完成部分的 ReadProcessMemory 或 WriteProcessMemory 请求。 (0x12B)
[0818/170901.612:ERROR:process_memory_win.cc(73)] ReadMemory at 0x14b8f9d7540 of 512 bytes failed: 仅完成部分的 ReadProcessMemory 或 WriteProcessMemory 请求。 (0x12B)
[0818/170901.612:ERROR:process_memory_win.cc(73)] ReadMemory at 0x14b8f9d82e0 of 132 bytes failed: 仅完成部分的 ReadProcessMemory 或 WriteProcessMemory 请求。 (0x12B)
[0818/170901.612:ERROR:process_memory_win.cc(73)] ReadMemory at 0x14b8f9d8410 of 132 bytes failed: 仅完成部分的 ReadProcessMemory 或 WriteProcessMemory 请求。 (0x12B)
[0818/170901.612:ERROR:process_memory_win.cc(73)] ReadMemory at 0x14b8f9d8540 of 132 bytes failed: 仅完成部分的 ReadProcessMemory 或 WriteProcessMemory 请求。 (0x12B)
[0818/170901.612:ERROR:process_memory_win.cc(73)] ReadMemory at 0x14b8f9d8670 of 132 bytes failed: 仅完成部分的 ReadProcessMemory 或 WriteProcessMemory 请求。 (0x12B)
[0818/170901.612:ERROR:process_memory_win.cc(73)] ReadMemory at 0x14b8f9d87a0 of 132 bytes failed: 仅完成部分的 ReadProcessMemory 或 WriteProcessMemory 请求。 (0x12B)
[0818/170901.612:ERROR:process_memory_win.cc(73)] ReadMemory at 0x14b8f9d88d0 of 132 bytes failed: 仅完成部分的 ReadProcessMemory 或 WriteProcessMemory 请求。 (0x12B)
[0818/170901.612:ERROR:process_memory_win.cc(73)] ReadMemory at 0x14b8f9d8a00 of 132 bytes failed: 仅完成部分的 ReadProcessMemory 或 WriteProcessMemory 请求。 (0x12B)
[0818/170901.612:ERROR:process_memory_win.cc(73)] ReadMemory at 0x14b8f9d8b30 of 132 bytes failed: 仅完成部分的 ReadProcessMemory 或 WriteProcessMemory 请求。 (0x12B)
[0818/170901.612:ERROR:process_memory_win.cc(73)] ReadMemory at 0x14b8f9d8c60 of 132 bytes failed: 仅完成部分的 ReadProcessMemory 或 WriteProcessMemory 请求。 (0x12B)
[0818/170901.612:ERROR:process_memory_win.cc(73)] ReadMemory at 0x14b8f9d8d90 of 132 bytes failed: 仅完成部分的 ReadProcessMemory 或 WriteProcessMemory 请求。 (0x12B)
[0818/170901.612:ERROR:process_memory_win.cc(73)] ReadMemory at 0x14b8f9d8ec0 of 132 bytes failed: 仅完成部分的 ReadProcessMemory 或 WriteProcessMemory 请求。 (0x12B)
[0818/170901.612:ERROR:process_memory_win.cc(73)] ReadMemory at 0x14b8f9d8ff0 of 132 bytes failed: 仅完成部分的 ReadProcessMemory 或 WriteProcessMemory 请求。 (0x12B)
[0818/170901.612:ERROR:process_memory_win.cc(73)] ReadMemory at 0x14b8f9d90b0 of 512 bytes failed: 仅完成部分的 ReadProcessMemory 或 WriteProcessMemory 请求。 (0x12B)
[0818/170901.612:ERROR:process_memory_win.cc(73)] ReadMemory at 0x14b8f9d92f0 of 66 bytes failed: 仅完成部分的 ReadProcessMemory 或 WriteProcessMemory 请求。 (0x12B)
[0818/170901.612:ERROR:process_memory_win.cc(73)] ReadMemory at 0x14b8f9d94d0 of 64 bytes failed: 仅完成部分的 ReadProcessMemory 或 WriteProcessMemory 请求。 (0x12B)
[0818/170901.612:ERROR:process_memory_win.cc(73)] ReadMemory at 0x14b8f9d9520 of 60 bytes failed: 仅完成部分的 ReadProcessMemory 或 WriteProcessMemory 请求。 (0x12B)
[0818/170901.612:ERROR:process_memory_win.cc(73)] ReadMemory at 0x14b8f9d95c0 of 60 bytes failed: 仅完成部分的 ReadProcessMemory 或 WriteProcessMemory 请求。 (0x12B)
[0818/170901.613:ERROR:process_memory_win.cc(73)] ReadMemory at 0x14b8f9d9610 of 62 bytes failed: 仅完成部分的 ReadProcessMemory 或 WriteProcessMemory 请求。 (0x12B)
[0818/170901.613:ERROR:process_memory_win.cc(73)] ReadMemory at 0x14b8f9d9660 of 66 bytes failed: 仅完成部分的 ReadProcessMemory 或 WriteProcessMemory 请求。 (0x12B)
[0818/170901.613:ERROR:process_memory_win.cc(73)] ReadMemory at 0x14b8f9d96b0 of 64 bytes failed: 仅完成部分的 ReadProcessMemory 或 WriteProcessMemory 请求。 (0x12B)
[0818/170901.613:ERROR:process_memory_win.cc(73)] ReadMemory at 0x14b8f9d9700 of 64 bytes failed: 仅完成部分的 ReadProcessMemory 或 WriteProcessMemory 请求。 (0x12B)
[0818/170901.613:ERROR:process_memory_win.cc(73)] ReadMemory at 0x14b8f9d97f0 of 60 bytes failed: 仅完成部分的 ReadProcessMemory 或 WriteProcessMemory 请求。 (0x12B)
[0818/170901.613:ERROR:process_memory_win.cc(73)] ReadMemory at 0x14b8f9d9840 of 62 bytes failed: 仅完成部分的 ReadProcessMemory 或 WriteProcessMemory 请求。 (0x12B)
[0818/170901.613:ERROR:process_memory_win.cc(73)] ReadMemory at 0x14b8f9d9930 of 62 bytes failed: 仅完成部分的 ReadProcessMemory 或 WriteProcessMemory 请求。 (0x12B)
[0818/170901.613:ERROR:process_memory_win.cc(73)] ReadMemory at 0x14b8f9d9bb0 of 64 bytes failed: 仅完成部分的 ReadProcessMemory 或 WriteProcessMemory 请求。 (0x12B)
[0818/170901.613:ERROR:process_memory_win.cc(73)] ReadMemory at 0x14b8f9d9c00 of 60 bytes failed: 仅完成部分的 ReadProcessMemory 或 WriteProcessMemory 请求。 (0x12B)
[0818/170901.613:ERROR:process_memory_win.cc(73)] ReadMemory at 0x14b8f9d9c50 of 62 bytes failed: 仅完成部分的 ReadProcessMemory 或 WriteProcessMemory 请求。 (0x12B)
[0818/170901.613:ERROR:process_memory_win.cc(73)] ReadMemory at 0x14b8f9d9ca0 of 60 bytes failed: 仅完成部分的 ReadProcessMemory 或 WriteProcessMemory 请求。 (0x12B)
[0818/170901.613:ERROR:process_memory_win.cc(73)] ReadMemory at 0x14b8f9d9d40 of 64 bytes failed: 仅完成部分的 ReadProcessMemory 或 WriteProcessMemory 请求。 (0x12B)
[0818/170901.613:ERROR:process_memory_win.cc(73)] ReadMemory at 0x14b8f9d9de0 of 64 bytes failed: 仅完成部分的 ReadProcessMemory 或 WriteProcessMemory 请求。 (0x12B)
[0818/170901.613:ERROR:process_memory_win.cc(73)] ReadMemory at 0x14b8f9d9e80 of 60 bytes failed: 仅完成部分的 ReadProcessMemory 或 WriteProcessMemory 请求。 (0x12B)
[0818/170901.613:ERROR:process_memory_win.cc(73)] ReadMemory at 0x14b8f9d9ed0 of 64 bytes failed: 仅完成部分的 ReadProcessMemory 或 WriteProcessMemory 请求。 (0x12B)
[0818/170901.613:ERROR:process_memory_win.cc(73)] ReadMemory at 0x14b8f9d9f20 of 58 bytes failed: 仅完成部分的 ReadProcessMemory 或 WriteProcessMemory 请求。 (0x12B)
[0818/170901.613:ERROR:process_memory_win.cc(73)] ReadMemory at 0x14b8f9da060 of 60 bytes failed: 仅完成部分的 ReadProcessMemory 或 WriteProcessMemory 请求。 (0x12B)
[0818/170901.613:ERROR:process_memory_win.cc(73)] ReadMemory at 0x14b8f9da0b0 of 62 bytes failed: 仅完成部分的 ReadProcessMemory 或 WriteProcessMemory 请求。 (0x12B)
[0818/170901.613:ERROR:process_memory_win.cc(73)] ReadMemory at 0x14b8f9da150 of 62 bytes failed: 仅完成部分的 ReadProcessMemory 或 WriteProcessMemory 请求。 (0x12B)
[0818/170901.613:ERROR:process_memory_win.cc(73)] ReadMemory at 0x14b8f9da1a0 of 62 bytes failed: 仅完成部分的 ReadProcessMemory 或 WriteProcessMemory 请求。 (0x12B)
[0818/170901.613:ERROR:process_memory_win.cc(73)] ReadMemory at 0x14b8f9da1f0 of 62 bytes failed: 仅完成部分的 ReadProcessMemory 或 WriteProcessMemory 请求。 (0x12B)
[0818/170901.613:ERROR:process_memory_win.cc(73)] ReadMemory at 0x14b8f9da240 of 62 bytes failed: 仅完成部分的 ReadProcessMemory 或 WriteProcessMemory 请求。 (0x12B)
[0818/170901.613:ERROR:process_memory_win.cc(73)] ReadMemory at 0x14b8f9dcd80 of 132 bytes failed: 仅完成部分的 ReadProcessMemory 或 WriteProcessMemory 请求。 (0x12B)
[0818/170901.613:ERROR:process_memory_win.cc(73)] ReadMemory at 0x14b8f9dd450 of 132 bytes failed: 仅完成部分的 ReadProcessMemory 或 WriteProcessMemory 请求。 (0x12B)
[0818/170901.613:ERROR:process_memory_win.cc(73)] ReadMemory at 0x14b8f9dff00 of 132 bytes failed: 仅完成部分的 ReadProcessMemory 或 WriteProcessMemory 请求。 (0x12B)
[0818/170901.613:ERROR:process_memory_win.cc(73)] ReadMemory at 0x14b8f9e0030 of 132 bytes failed: 仅完成部分的 ReadProcessMemory 或 WriteProcessMemory 请求。 (0x12B)
[0818/170901.613:ERROR:process_memory_win.cc(73)] ReadMemory at 0x14b8f9e0160 of 132 bytes failed: 仅完成部分的 ReadProcessMemory 或 WriteProcessMemory 请求。 (0x12B)
[0818/170901.613:ERROR:process_memory_win.cc(73)] ReadMemory at 0x14b8f9e0290 of 132 bytes failed: 仅完成部分的 ReadProcessMemory 或 WriteProcessMemory 请求。 (0x12B)
[0818/170901.613:ERROR:process_memory_win.cc(73)] ReadMemory at 0x14b8f9e0880 of 132 bytes failed: 仅完成部分的 ReadProcessMemory 或 WriteProcessMemory 请求。 (0x12B)
[0818/170901.613:ERROR:process_memory_win.cc(73)] ReadMemory at 0x14b8f9e0d40 of 132 bytes failed: 仅完成部分的 ReadProcessMemory 或 WriteProcessMemory 请求。 (0x12B)
[0818/170901.613:ERROR:process_memory_win.cc(73)] ReadMemory at 0x14b8f9e0e70 of 132 bytes failed: 仅完成部分的 ReadProcessMemory 或 WriteProcessMemory 请求。 (0x12B)
[0818/170901.613:ERROR:process_memory_win.cc(73)] ReadMemory at 0x14b8f9e10d0 of 132 bytes failed: 仅完成部分的 ReadProcessMemory 或 WriteProcessMemory 请求。 (0x12B)
[0818/170901.613:ERROR:process_memory_win.cc(73)] ReadMemory at 0x14b8f9e1200 of 132 bytes failed: 仅完成部分的 ReadProcessMemory 或 WriteProcessMemory 请求。 (0x12B)
[0818/170901.614:ERROR:process_memory_win.cc(73)] ReadMemory at 0x14b8f9e1330 of 132 bytes failed: 仅完成部分的 ReadProcessMemory 或 WriteProcessMemory 请求。 (0x12B)
[0818/170901.614:ERROR:process_memory_win.cc(73)] ReadMemory at 0x14b8f9e16c0 of 132 bytes failed: 仅完成部分的 ReadProcessMemory 或 WriteProcessMemory 请求。 (0x12B)
[0818/170901.614:ERROR:process_memory_win.cc(73)] ReadMemory at 0x14b8f9e71e0 of 48 bytes failed: 仅完成部分的 ReadProcessMemory 或 WriteProcessMemory 请求。 (0x12B)
[0818/170901.614:ERROR:process_memory_win.cc(73)] ReadMemory at 0x14b8f9e7c20 of 48 bytes failed: 仅完成部分的 ReadProcessMemory 或 WriteProcessMemory 请求。 (0x12B)
[0818/170901.614:ERROR:process_memory_win.cc(73)] ReadMemory at 0x14b8f9faed0 of 512 bytes failed: 仅完成部分的 ReadProcessMemory 或 WriteProcessMemory 请求。 (0x12B)
[0818/170901.614:ERROR:process_memory_win.cc(73)] ReadMemory at 0x14b8fa23fa0 of 124 bytes failed: 仅完成部分的 ReadProcessMemory 或 WriteProcessMemory 请求。 (0x12B)
[0818/170901.614:ERROR:process_memory_win.cc(73)] ReadMemory at 0x14b8fa2d090 of 512 bytes failed: 仅完成部分的 ReadProcessMemory 或 WriteProcessMemory 请求。 (0x12B)
[0818/170901.614:ERROR:process_memory_win.cc(73)] ReadMemory at 0x14b8fa39150 of 512 bytes failed: 仅完成部分的 ReadProcessMemory 或 WriteProcessMemory 请求。 (0x12B)
[0818/170901.614:ERROR:process_memory_win.cc(73)] ReadMemory at 0x14b8fa3e1b0 of 512 bytes failed: 仅完成部分的 ReadProcessMemory 或 WriteProcessMemory 请求。 (0x12B)
[0818/170901.614:ERROR:process_memory_win.cc(73)] ReadMemory at 0x14b8fa6a5d2 of 610 bytes failed: 仅完成部分的 ReadProcessMemory 或 WriteProcessMemory 请求。 (0x12B)
[0818/170901.614:ERROR:process_memory_win.cc(73)] ReadMemory at 0x14b8fa75340 of 712 bytes failed: 仅完成部分的 ReadProcessMemory 或 WriteProcessMemory 请求。 (0x12B)
[0818/170901.614:ERROR:process_memory_win.cc(73)] ReadMemory at 0x14b8fa91760 of 512 bytes failed: 仅完成部分的 ReadProcessMemory 或 WriteProcessMemory 请求。 (0x12B)
[0818/170901.614:ERROR:process_memory_win.cc(73)] ReadMemory at 0x14b8fbe0c40 of 512 bytes failed: 仅完成部分的 ReadProcessMemory 或 WriteProcessMemory 请求。 (0x12B)
[0818/170901.614:ERROR:process_memory_win.cc(73)] ReadMemory at 0x14b8fbe13c0 of 512 bytes failed: 仅完成部分的 ReadProcessMemory 或 WriteProcessMemory 请求。 (0x12B)
[0818/170901.614:ERROR:process_memory_win.cc(73)] ReadMemory at 0x14b8fbe8bc0 of 512 bytes failed: 仅完成部分的 ReadProcessMemory 或 WriteProcessMemory 请求。 (0x12B)
[0818/170901.614:ERROR:process_memory_win.cc(73)] ReadMemory at 0x14b8fc902c0 of 40 bytes failed: 仅完成部分的 ReadProcessMemory 或 WriteProcessMemory 请求。 (0x12B)
[0818/170901.614:ERROR:process_memory_win.cc(73)] ReadMemory at 0x14b8fe002c0 of 40 bytes failed: 仅完成部分的 ReadProcessMemory 或 WriteProcessMemory 请求。 (0x12B)
[0818/170901.614:ERROR:process_memory_win.cc(73)] ReadMemory at 0x14b91816fb4 of 928 bytes failed: 仅完成部分的 ReadProcessMemory 或 WriteProcessMemory 请求。 (0x12B)
[0818/170901.614:ERROR:process_memory_win.cc(73)] ReadMemory at 0x14b9183a400 of 40 bytes failed: 仅完成部分的 ReadProcessMemory 或 WriteProcessMemory 请求。 (0x12B)
[0818/170901.614:ERROR:process_memory_win.cc(73)] ReadMemory at 0x14b91873460 of 512 bytes failed: 仅完成部分的 ReadProcessMemory 或 WriteProcessMemory 请求。 (0x12B)
[0818/170901.614:ERROR:process_memory_win.cc(73)] ReadMemory at 0x14b91a035b0 of 512 bytes failed: 仅完成部分的 ReadProcessMemory 或 WriteProcessMemory 请求。 (0x12B)
[0818/170901.614:ERROR:process_memory_win.cc(73)] ReadMemory at 0x14b95859800 of 512 bytes failed: 仅完成部分的 ReadProcessMemory 或 WriteProcessMemory 请求。 (0x12B)
[0818/170901.614:ERROR:process_memory_win.cc(73)] ReadMemory at 0x14b95859d00 of 896 bytes failed: 仅完成部分的 ReadProcessMemory 或 WriteProcessMemory 请求。 (0x12B)
[0818/170901.614:ERROR:process_memory_win.cc(73)] ReadMemory at 0x14b9791b430 of 512 bytes failed: 仅完成部分的 ReadProcessMemory 或 WriteProcessMemory 请求。 (0x12B)
[0818/170901.614:ERROR:process_memory_win.cc(73)] ReadMemory at 0x14b97d4afb0 of 512 bytes failed: 仅完成部分的 ReadProcessMemory 或 WriteProcessMemory 请求。 (0x12B)
[0818/170901.614:ERROR:process_memory_win.cc(73)] ReadMemory at 0x14b991374b0 of 48 bytes failed: 仅完成部分的 ReadProcessMemory 或 WriteProcessMemory 请求。 (0x12B)
[0818/170901.614:ERROR:process_memory_win.cc(73)] ReadMemory at 0x14b99183300 of 512 bytes failed: 仅完成部分的 ReadProcessMemory 或 WriteProcessMemory 请求。 (0x12B)
[0818/170901.614:ERROR:process_memory_win.cc(73)] ReadMemory at 0x14b99d2c940 of 512 bytes failed: 仅完成部分的 ReadProcessMemory 或 WriteProcessMemory 请求。 (0x12B)
[0818/170901.614:ERROR:process_memory_win.cc(73)] ReadMemory at 0x14b9b6aee38 of 512 bytes failed: 仅完成部分的 ReadProcessMemory 或 WriteProcessMemory 请求。 (0x12B)
[0818/170901.614:ERROR:process_memory_win.cc(73)] ReadMemory at 0x14b9b830020 of 768 bytes failed: 仅完成部分的 ReadProcessMemory 或 WriteProcessMemory 请求。 (0x12B)
[0818/170901.615:ERROR:process_memory_win.cc(73)] ReadMemory at 0x14b9c9028b0 of 512 bytes failed: 仅完成部分的 ReadProcessMemory 或 WriteProcessMemory 请求。 (0x12B)
[0818/170901.615:ERROR:process_memory_win.cc(73)] ReadMemory at 0x14b9c989080 of 512 bytes failed: 仅完成部分的 ReadProcessMemory 或 WriteProcessMemory 请求。 (0x12B)
[0818/170901.615:ERROR:process_memory_win.cc(73)] ReadMemory at 0x14ba142ff80 of 512 bytes failed: 仅完成部分的 ReadProcessMemory 或 WriteProcessMemory 请求。 (0x12B)
[0818/170901.615:ERROR:process_memory_win.cc(73)] ReadMemory at 0x14ba8340b1e of 512 bytes failed: 仅完成部分的 ReadProcessMemory 或 WriteProcessMemory 请求。 (0x12B)
[0818/170901.615:ERROR:process_memory_win.cc(73)] ReadMemory at 0x14baaad6640 of 512 bytes failed: 仅完成部分的 ReadProcessMemory 或 WriteProcessMemory 请求。 (0x12B)
[0818/170901.615:ERROR:process_memory_win.cc(73)] ReadMemory at 0x14baba55940 of 1024 bytes failed: 仅完成部分的 ReadProcessMemory 或 WriteProcessMemory 请求。 (0x12B)
[0818/170901.615:ERROR:process_memory_win.cc(73)] ReadMemory at 0x14bad913c40 of 528 bytes failed: 仅完成部分的 ReadProcessMemory 或 WriteProcessMemory 请求。 (0x12B)
[0818/170901.615:ERROR:process_memory_win.cc(73)] ReadMemory at 0x16a90000a278 of 40 bytes failed: 仅完成部分的 ReadProcessMemory 或 WriteProcessMemory 请求。 (0x12B)
[0818/170901.615:ERROR:process_memory_win.cc(73)] ReadMemory at 0x16a90a0761d8 of 512 bytes failed: 仅完成部分的 ReadProcessMemory 或 WriteProcessMemory 请求。 (0x12B)
[0818/170901.615:ERROR:process_memory_win.cc(73)] ReadMemory at 0x16a90bcadf48 of 512 bytes failed: 仅完成部分的 ReadProcessMemory 或 WriteProcessMemory 请求。 (0x12B)
[0818/170901.615:ERROR:process_memory_win.cc(73)] ReadMemory at 0x16a90d0dc1f8 of 512 bytes failed: 仅完成部分的 ReadProcessMemory 或 WriteProcessMemory 请求。 (0x12B)
[0818/170901.615:ERROR:process_memory_win.cc(73)] ReadMemory at 0x16a90dd71f68 of 512 bytes failed: 仅完成部分的 ReadProcessMemory 或 WriteProcessMemory 请求。 (0x12B)
[0818/170901.615:ERROR:process_memory_win.cc(73)] ReadMemory at 0x719586e9d580 of 512 bytes failed: 仅完成部分的 ReadProcessMemory 或 WriteProcessMemory 请求。 (0x12B)
[0818/170901.615:ERROR:process_memory_win.cc(73)] ReadMemory at 0x7ffca8d3ee7a of 512 bytes failed: 仅完成部分的 ReadProcessMemory 或 WriteProcessMemory 请求。 (0x12B)
[0818/170901.615:ERROR:process_memory_win.cc(73)] ReadMemory at 0x7ffcab368e28 of 512 bytes failed: 仅完成部分的 ReadProcessMemory 或 WriteProcessMemory 请求。 (0x12B)
[0818/170901.615:ERROR:process_memory_win.cc(73)] ReadMemory at 0x7ffcb90fa230 of 40 bytes failed: 仅完成部分的 ReadProcessMemory 或 WriteProcessMemory 请求。 (0x12B)
[0818/170901.615:ERROR:process_memory_win.cc(73)] ReadMemory at 0x7ffd07298cb0 of 40 bytes failed: 仅完成部分的 ReadProcessMemory 或 WriteProcessMemory 请求。 (0x12B)
[0818/170901.615:ERROR:process_memory_win.cc(73)] ReadMemory at 0x7ffd0784c6d0 of 512 bytes failed: 仅完成部分的 ReadProcessMemory 或 WriteProcessMemory 请求。 (0x12B)
[0818/170901.615:ERROR:process_memory_win.cc(73)] ReadMemory at 0x7ffd09357b54 of 512 bytes failed: 仅完成部分的 ReadProcessMemory 或 WriteProcessMemory 请求。 (0x12B)
[0818/170901.615:ERROR:process_memory_win.cc(73)] ReadMemory at 0x7ffd09361f80 of 512 bytes failed: 仅完成部分的 ReadProcessMemory 或 WriteProcessMemory 请求。 (0x12B)
[0818/170901.615:ERROR:process_memory_win.cc(73)] ReadMemory at 0x7ffd0a53c074 of 672 bytes failed: 仅完成部分的 ReadProcessMemory 或 WriteProcessMemory 请求。 (0x12B)
[0818/170901.615:ERROR:process_memory_win.cc(73)] ReadMemory at 0x7ffd0a53c674 of 512 bytes failed: 仅完成部分的 ReadProcessMemory 或 WriteProcessMemory 请求。 (0x12B)
[0818/170901.615:ERROR:process_memory_win.cc(73)] ReadMemory at 0x7ffd0a53f924 of 608 bytes failed: 仅完成部分的 ReadProcessMemory 或 WriteProcessMemory 请求。 (0x12B)
[0818/170901.615:ERROR:process_memory_win.cc(73)] ReadMemory at 0x7ffd0a5cc428 of 18 bytes failed: 仅完成部分的 ReadProcessMemory 或 WriteProcessMemory 请求。 (0x12B)
[0818/170901.615:ERROR:process_memory_win.cc(73)] ReadMemory at 0x7ffd0a5ff4f8 of 40 bytes failed: 仅完成部分的 ReadProcessMemory 或 WriteProcessMemory 请求。 (0x12B)
[0818/170901.615:ERROR:process_memory_win.cc(73)] ReadMemory at 0x7ffd0a5ff560 of 48 bytes failed: 仅完成部分的 ReadProcessMemory 或 WriteProcessMemory 请求。 (0x12B)
[0818/170901.615:ERROR:process_memory_win.cc(73)] ReadMemory at 0x7ffd0a5ff978 of 48 bytes failed: 仅完成部分的 ReadProcessMemory 或 WriteProcessMemory 请求。 (0x12B)
[0818/170901.615:ERROR:process_memory_win.cc(73)] ReadMemory at 0x7ffd0a603be0 of 40 bytes failed: 仅完成部分的 ReadProcessMemory 或 WriteProcessMemory 请求。 (0x12B)
[0818/170901.615:ERROR:process_memory_win.cc(73)] ReadMemory at 0x7ffd0a603d40 of 336 bytes failed: 仅完成部分的 ReadProcessMemory 或 WriteProcessMemory 请求。 (0x12B)
[0818/170901.615:ERROR:process_memory_win.cc(73)] ReadMemory at 0x7ffd0a6053c0 of 64 bytes failed: 仅完成部分的 ReadProcessMemory 或 WriteProcessMemory 请求。 (0x12B)
[0818/170901.616:ERROR:scoped_process_suspend.cc(40)] NtResumeProcess: 已尝试访问正在退出的过程。 (0xc000010a)
